{"$message_type":"diagnostic","message":"failed to resolve: could not find `Signature` in `ml_dsa_65`","code":{"code":"E0433","explanation":"An undeclared crate, module, or type was used.\n\nErroneous code example:\n\n```compile_fail,E0433\nlet map = HashMap::new();\n// error: failed to resolve: use of undeclared type `HashMap`\n```\n\nPlease verify you didn't misspell the type/module's name or that you didn't\nforget to import it:\n\n```\nuse std::collections::HashMap; // HashMap has been imported.\nlet map: HashMap<u32, u32> = HashMap::new(); // So it can be used!\n```\n\nIf you've expected to use a crate name:\n\n```compile_fail\nuse ferris_wheel::BigO;\n// error: failed to resolve: use of undeclared module or unlinked crate\n```\n\nMake sure the crate has been added as a dependency in `Cargo.toml`.\n\nTo use a module from your current crate, add the `crate::` prefix to the path.\n"},"level":"error","spans":[{"file_name":"src/lib.rs","byte_start":2952,"byte_end":2961,"line_start":90,"line_end":90,"column_start":49,"column_end":58,"is_primary":true,"text":[{"text":"        let sig_obj = match fips204::ml_dsa_65::Signature::try_from_bytes(sig_arr) {","highlight_start":49,"highlight_end":58}],"label":"could not find `Signature` in `ml_dsa_65`","suggested_replacement":null,"suggestion_applicability":null,"expansion":null}],"children":[],"rendered":"src/lib.rs:90:49: \u001b[1m\u001b[91merror[E0433]\u001b[0m: failed to resolve: could not find `Signature` in `ml_dsa_65`: could not find `Signature` in `ml_dsa_65`\n"}
{"$message_type":"diagnostic","message":"cannot find type `PublicKey` in module `ml_kem_768`","code":{"code":"E0425","explanation":"An unresolved name was used.\n\nErroneous code examples:\n\n```compile_fail,E0425\nsomething_that_doesnt_exist::foo;\n// error: unresolved name `something_that_doesnt_exist::foo`\n\n// or:\n\ntrait Foo {\n    fn bar() {\n        Self; // error: unresolved name `Self`\n    }\n}\n\n// or:\n\nlet x = unknown_variable;  // error: unresolved name `unknown_variable`\n```\n\nPlease verify that the name wasn't misspelled and ensure that the\nidentifier being referred to is valid for the given situation. Example:\n\n```\nenum something_that_does_exist {\n    Foo,\n}\n```\n\nOr:\n\n```\nmod something_that_does_exist {\n    pub static foo : i32 = 0i32;\n}\n\nsomething_that_does_exist::foo; // ok!\n```\n\nOr:\n\n```\nlet unknown_variable = 12u32;\nlet x = unknown_variable; // ok!\n```\n\nIf the item is not defined in the current module, it must be imported using a\n`use` statement, like so:\n\n```\n# mod foo { pub fn bar() {} }\n# fn main() {\nuse foo::bar;\nbar();\n# }\n```\n\nIf the item you are importing is not defined in some super-module of the\ncurrent module, then it must also be declared as public (e.g., `pub fn`).\n"},"level":"error","spans":[{"file_name":"src/lib.rs","byte_start":681,"byte_end":690,"line_start":25,"line_end":25,"column_start":33,"column_end":42,"is_primary":true,"text":[{"text":"    pub public_key: ml_kem_768::PublicKey,","highlight_start":33,"highlight_end":42}],"label":"not found in `ml_kem_768`","suggested_replacement":null,"suggestion_applicability":null,"expansion":null}],"children":[{"message":"consider importing one of these type aliases","code":null,"level":"help","spans":[{"file_name":"src/lib.rs","byte_start":0,"byte_end":0,"line_start":1,"line_end":1,"column_start":1,"column_end":1,"is_primary":true,"text":[],"label":null,"suggested_replacement":"use crate::ml_dsa_65::PublicKey;\n","suggestion_applicability":"MaybeIncorrect","expansion":null},{"file_name":"src/lib.rs","byte_start":0,"byte_end":0,"line_start":1,"line_end":1,"column_start":1,"column_end":1,"is_primary":true,"text":[],"label":null,"suggested_replacement":"use fips204::ml_dsa_44::PublicKey;\n","suggestion_applicability":"MaybeIncorrect","expansion":null},{"file_name":"src/lib.rs","byte_start":0,"byte_end":0,"line_start":1,"line_end":1,"column_start":1,"column_end":1,"is_primary":true,"text":[],"label":null,"suggested_replacement":"use fips204::ml_dsa_65::PublicKey;\n","suggestion_applicability":"MaybeIncorrect","expansion":null},{"file_name":"src/lib.rs","byte_start":0,"byte_end":0,"line_start":1,"line_end":1,"column_start":1,"column_end":1,"is_primary":true,"text":[],"label":null,"suggested_replacement":"use fips204::ml_dsa_87::PublicKey;\n","suggestion_applicability":"MaybeIncorrect","expansion":null}],"children":[],"rendered":null},{"message":"if you import `PublicKey`, refer to it directly","code":null,"level":"help","spans":[{"file_name":"src/lib.rs","byte_start":669,"byte_end":681,"line_start":25,"line_end":25,"column_start":21,"column_end":33,"is_primary":true,"text":[{"text":"    pub public_key: ml_kem_768::PublicKey,","highlight_start":21,"highlight_end":33}],"label":null,"suggested_replacement":"","suggestion_applicability":"Unspecified","expansion":null}],"children":[],"rendered":null}],"rendered":"src/lib.rs:25:33: \u001b[1m\u001b[91merror[E0425]\u001b[0m: cannot find type `PublicKey` in module `ml_kem_768`: not found in `ml_kem_768`\n"}
{"$message_type":"diagnostic","message":"cannot find type `PrivateKey` in module `ml_kem_768`","code":{"code":"E0425","explanation":"An unresolved name was used.\n\nErroneous code examples:\n\n```compile_fail,E0425\nsomething_that_doesnt_exist::foo;\n// error: unresolved name `something_that_doesnt_exist::foo`\n\n// or:\n\ntrait Foo {\n    fn bar() {\n        Self; // error: unresolved name `Self`\n    }\n}\n\n// or:\n\nlet x = unknown_variable;  // error: unresolved name `unknown_variable`\n```\n\nPlease verify that the name wasn't misspelled and ensure that the\nidentifier being referred to is valid for the given situation. Example:\n\n```\nenum something_that_does_exist {\n    Foo,\n}\n```\n\nOr:\n\n```\nmod something_that_does_exist {\n    pub static foo : i32 = 0i32;\n}\n\nsomething_that_does_exist::foo; // ok!\n```\n\nOr:\n\n```\nlet unknown_variable = 12u32;\nlet x = unknown_variable; // ok!\n```\n\nIf the item is not defined in the current module, it must be imported using a\n`use` statement, like so:\n\n```\n# mod foo { pub fn bar() {} }\n# fn main() {\nuse foo::bar;\nbar();\n# }\n```\n\nIf the item you are importing is not defined in some super-module of the\ncurrent module, then it must also be declared as public (e.g., `pub fn`).\n"},"level":"error","spans":[{"file_name":"src/lib.rs","byte_start":720,"byte_end":730,"line_start":26,"line_end":26,"column_start":29,"column_end":39,"is_primary":true,"text":[{"text":"    secret_key: ml_kem_768::PrivateKey,","highlight_start":29,"highlight_end":39}],"label":"not found in `ml_kem_768`","suggested_replacement":null,"suggestion_applicability":null,"expansion":null}],"children":[{"message":"consider importing one of these type aliases","code":null,"level":"help","spans":[{"file_name":"src/lib.rs","byte_start":0,"byte_end":0,"line_start":1,"line_end":1,"column_start":1,"column_end":1,"is_primary":true,"text":[],"label":null,"suggested_replacement":"use crate::ml_dsa_65::PrivateKey;\n","suggestion_applicability":"MaybeIncorrect","expansion":null},{"file_name":"src/lib.rs","byte_start":0,"byte_end":0,"line_start":1,"line_end":1,"column_start":1,"column_end":1,"is_primary":true,"text":[],"label":null,"suggested_replacement":"use fips204::ml_dsa_44::PrivateKey;\n","suggestion_applicability":"MaybeIncorrect","expansion":null},{"file_name":"src/lib.rs","byte_start":0,"byte_end":0,"line_start":1,"line_end":1,"column_start":1,"column_end":1,"is_primary":true,"text":[],"label":null,"suggested_replacement":"use fips204::ml_dsa_65::PrivateKey;\n","suggestion_applicability":"MaybeIncorrect","expansion":null},{"file_name":"src/lib.rs","byte_start":0,"byte_end":0,"line_start":1,"line_end":1,"column_start":1,"column_end":1,"is_primary":true,"text":[],"label":null,"suggested_replacement":"use fips204::ml_dsa_87::PrivateKey;\n","suggestion_applicability":"MaybeIncorrect","expansion":null}],"children":[],"rendered":null},{"message":"if you import `PrivateKey`, refer to it directly","code":null,"level":"help","spans":[{"file_name":"src/lib.rs","byte_start":708,"byte_end":720,"line_start":26,"line_end":26,"column_start":17,"column_end":29,"is_primary":true,"text":[{"text":"    secret_key: ml_kem_768::PrivateKey,","highlight_start":17,"highlight_end":29}],"label":null,"suggested_replacement":"","suggestion_applicability":"Unspecified","expansion":null}],"children":[],"rendered":null}],"rendered":"src/lib.rs:26:29: \u001b[1m\u001b[91merror[E0425]\u001b[0m: cannot find type `PrivateKey` in module `ml_kem_768`: not found in `ml_kem_768`\n"}
{"$message_type":"diagnostic","message":"cannot find type `PublicKey` in module `ml_kem_768`","code":{"code":"E0425","explanation":"An unresolved name was used.\n\nErroneous code examples:\n\n```compile_fail,E0425\nsomething_that_doesnt_exist::foo;\n// error: unresolved name `something_that_doesnt_exist::foo`\n\n// or:\n\ntrait Foo {\n    fn bar() {\n        Self; // error: unresolved name `Self`\n    }\n}\n\n// or:\n\nlet x = unknown_variable;  // error: unresolved name `unknown_variable`\n```\n\nPlease verify that the name wasn't misspelled and ensure that the\nidentifier being referred to is valid for the given situation. Example:\n\n```\nenum something_that_does_exist {\n    Foo,\n}\n```\n\nOr:\n\n```\nmod something_that_does_exist {\n    pub static foo : i32 = 0i32;\n}\n\nsomething_that_does_exist::foo; // ok!\n```\n\nOr:\n\n```\nlet unknown_variable = 12u32;\nlet x = unknown_variable; // ok!\n```\n\nIf the item is not defined in the current module, it must be imported using a\n`use` statement, like so:\n\n```\n# mod foo { pub fn bar() {} }\n# fn main() {\nuse foo::bar;\nbar();\n# }\n```\n\nIf the item you are importing is not defined in some super-module of the\ncurrent module, then it must also be declared as public (e.g., `pub fn`).\n"},"level":"error","spans":[{"file_name":"src/lib.rs","byte_start":990,"byte_end":999,"line_start":38,"line_end":38,"column_start":41,"column_end":50,"is_primary":true,"text":[{"text":"    pub fn encapsulate(pk: &ml_kem_768::PublicKey) -> Result<(Vec<u8>, Vec<u8>), NspError> {","highlight_start":41,"highlight_end":50}],"label":"not found in `ml_kem_768`","suggested_replacement":null,"suggestion_applicability":null,"expansion":null}],"children":[{"message":"consider importing one of these type aliases","code":null,"level":"help","spans":[{"file_name":"src/lib.rs","byte_start":0,"byte_end":0,"line_start":1,"line_end":1,"column_start":1,"column_end":1,"is_primary":true,"text":[],"label":null,"suggested_replacement":"use crate::ml_dsa_65::PublicKey;\n","suggestion_applicability":"MaybeIncorrect","expansion":null},{"file_name":"src/lib.rs","byte_start":0,"byte_end":0,"line_start":1,"line_end":1,"column_start":1,"column_end":1,"is_primary":true,"text":[],"label":null,"suggested_replacement":"use fips204::ml_dsa_44::PublicKey;\n","suggestion_applicability":"MaybeIncorrect","expansion":null},{"file_name":"src/lib.rs","byte_start":0,"byte_end":0,"line_start":1,"line_end":1,"column_start":1,"column_end":1,"is_primary":true,"text":[],"label":null,"suggested_replacement":"use fips204::ml_dsa_65::PublicKey;\n","suggestion_applicability":"MaybeIncorrect","expansion":null},{"file_name":"src/lib.rs","byte_start":0,"byte_end":0,"line_start":1,"line_end":1,"column_start":1,"column_end":1,"is_primary":true,"text":[],"label":null,"suggested_replacement":"use fips204::ml_dsa_87::PublicKey;\n","suggestion_applicability":"MaybeIncorrect","expansion":null}],"children":[],"rendered":null},{"message":"if you import `PublicKey`, refer to it directly","code":null,"level":"help","spans":[{"file_name":"src/lib.rs","byte_start":978,"byte_end":990,"line_start":38,"line_end":38,"column_start":29,"column_end":41,"is_primary":true,"text":[{"text":"    pub fn encapsulate(pk: &ml_kem_768::PublicKey) -> Result<(Vec<u8>, Vec<u8>), NspError> {","highlight_start":29,"highlight_end":41}],"label":null,"suggested_replacement":"","suggestion_applicability":"Unspecified","expansion":null}],"children":[],"rendered":null}],"rendered":"src/lib.rs:38:41: \u001b[1m\u001b[91merror[E0425]\u001b[0m: cannot find type `PublicKey` in module `ml_kem_768`: not found in `ml_kem_768`\n"}
{"$message_type":"diagnostic","message":"type annotations needed","code":{"code":"E0282","explanation":"The compiler could not infer a type and asked for a type annotation.\n\nErroneous code example:\n\n```compile_fail,E0282\nlet x = Vec::new();\n```\n\nThis error indicates that type inference did not result in one unique possible\ntype, and extra information is required. In most cases this can be provided\nby adding a type annotation. Sometimes you need to specify a generic type\nparameter manually.\n\nIn the example above, type `Vec` has a type parameter `T`. When calling\n`Vec::new`, barring any other later usage of the variable `x` that allows the\ncompiler to infer what type `T` is, the compiler needs to be told what it is.\n\nThe type can be specified on the variable:\n\n```\nlet x: Vec<i32> = Vec::new();\n```\n\nThe type can also be specified in the path of the expression:\n\n```\nlet x = Vec::<i32>::new();\n```\n\nIn cases with more complex types, it is not necessary to annotate the full\ntype. Once the ambiguity is resolved, the compiler can infer the rest:\n\n```\nlet x: Vec<_> = \"hello\".chars().rev().collect();\n```\n\nAnother way to provide the compiler with enough information, is to specify the\ngeneric type parameter:\n\n```\nlet x = \"hello\".chars().rev().collect::<Vec<char>>();\n```\n\nAgain, you need not specify the full type if the compiler can infer it:\n\n```\nlet x = \"hello\".chars().rev().collect::<Vec<_>>();\n```\n\nApart from a method or function with a generic type parameter, this error can\noccur when a type parameter of a struct or trait cannot be inferred. In that\ncase it is not always possible to use a type annotation, because all candidates\nhave the same return type. For instance:\n\n```compile_fail,E0282\nstruct Foo<T> {\n    num: T,\n}\n\nimpl<T> Foo<T> {\n    fn bar() -> i32 {\n        0\n    }\n\n    fn baz() {\n        let number = Foo::bar();\n    }\n}\n```\n\nThis will fail because the compiler does not know which instance of `Foo` to\ncall `bar` on. Change `Foo::bar()` to `Foo::<T>::bar()` to resolve the error.\n"},"level":"error","spans":[{"file_name":"src/lib.rs","byte_start":1200,"byte_end":1202,"line_start":42,"line_end":42,"column_start":24,"column_end":26,"is_primary":true,"text":[{"text":"        let ct_bytes = ct.into_bytes();","highlight_start":24,"highlight_end":26}],"label":"cannot infer type","suggested_replacement":null,"suggestion_applicability":null,"expansion":null}],"children":[],"rendered":"src/lib.rs:42:24: \u001b[1m\u001b[91merror[E0282]\u001b[0m: type annotations needed: cannot infer type\n"}
{"$message_type":"diagnostic","message":"type annotations needed","code":{"code":"E0282","explanation":"The compiler could not infer a type and asked for a type annotation.\n\nErroneous code example:\n\n```compile_fail,E0282\nlet x = Vec::new();\n```\n\nThis error indicates that type inference did not result in one unique possible\ntype, and extra information is required. In most cases this can be provided\nby adding a type annotation. Sometimes you need to specify a generic type\nparameter manually.\n\nIn the example above, type `Vec` has a type parameter `T`. When calling\n`Vec::new`, barring any other later usage of the variable `x` that allows the\ncompiler to infer what type `T` is, the compiler needs to be told what it is.\n\nThe type can be specified on the variable:\n\n```\nlet x: Vec<i32> = Vec::new();\n```\n\nThe type can also be specified in the path of the expression:\n\n```\nlet x = Vec::<i32>::new();\n```\n\nIn cases with more complex types, it is not necessary to annotate the full\ntype. Once the ambiguity is resolved, the compiler can infer the rest:\n\n```\nlet x: Vec<_> = \"hello\".chars().rev().collect();\n```\n\nAnother way to provide the compiler with enough information, is to specify the\ngeneric type parameter:\n\n```\nlet x = \"hello\".chars().rev().collect::<Vec<char>>();\n```\n\nAgain, you need not specify the full type if the compiler can infer it:\n\n```\nlet x = \"hello\".chars().rev().collect::<Vec<_>>();\n```\n\nApart from a method or function with a generic type parameter, this error can\noccur when a type parameter of a struct or trait cannot be inferred. In that\ncase it is not always possible to use a type annotation, because all candidates\nhave the same return type. For instance:\n\n```compile_fail,E0282\nstruct Foo<T> {\n    num: T,\n}\n\nimpl<T> Foo<T> {\n    fn bar() -> i32 {\n        0\n    }\n\n    fn baz() {\n        let number = Foo::bar();\n    }\n}\n```\n\nThis will fail because the compiler does not know which instance of `Foo` to\ncall `bar` on. Change `Foo::bar()` to `Foo::<T>::bar()` to resolve the error.\n"},"level":"error","spans":[{"file_name":"src/lib.rs","byte_start":1240,"byte_end":1242,"line_start":43,"line_end":43,"column_start":24,"column_end":26,"is_primary":true,"text":[{"text":"        let ss_bytes = ss.into_bytes();","highlight_start":24,"highlight_end":26}],"label":"cannot infer type","suggested_replacement":null,"suggestion_applicability":null,"expansion":null}],"children":[],"rendered":"src/lib.rs:43:24: \u001b[1m\u001b[91merror[E0282]\u001b[0m: type annotations needed: cannot infer type\n"}
{"$message_type":"diagnostic","message":"no method named `is_ok` found for type `bool` in the current scope","code":{"code":"E0599","explanation":"This error occurs when a method is used on a type which doesn't implement it:\n\nErroneous code example:\n\n```compile_fail,E0599\nstruct Mouth;\n\nlet x = Mouth;\nx.chocolate(); // error: no method named `chocolate` found for type `Mouth`\n               //        in the current scope\n```\n\nIn this case, you need to implement the `chocolate` method to fix the error:\n\n```\nstruct Mouth;\n\nimpl Mouth {\n    fn chocolate(&self) { // We implement the `chocolate` method here.\n        println!(\"Hmmm! I love chocolate!\");\n    }\n}\n\nlet x = Mouth;\nx.chocolate(); // ok!\n```\n"},"level":"error","spans":[{"file_name":"src/lib.rs","byte_start":3106,"byte_end":3111,"line_start":94,"line_end":94,"column_start":43,"column_end":48,"is_primary":true,"text":[{"text":"        pk.verify(message, &sig_obj, &[]).is_ok()","highlight_start":43,"highlight_end":48}],"label":"method not found in `bool`","suggested_replacement":null,"suggestion_applicability":null,"expansion":null}],"children":[],"rendered":"src/lib.rs:94:43: \u001b[1m\u001b[91merror[E0599]\u001b[0m: no method named `is_ok` found for type `bool` in the current scope: method not found in `bool`\n"}
{"$message_type":"diagnostic","message":"aborting due to 7 previous errors","code":null,"level":"error","spans":[],"children":[],"rendered":"\u001b[1m\u001b[91merror\u001b[0m: aborting due to 7 previous errors\n"}
